<?xml version="1.0" encoding="utf-8"?><testsuites><testsuite name="pytest" errors="0" failures="0" skipped="0" tests="3" time="25.591" timestamp="2024-10-17T14:18:01.517765+05:30" hostname="RahulShanker"><testcase classname="test_e2eTesting.Testing1" name="test_e2e" time="14.292" /><testcase classname="test_webtesting.TestHomePage" name="test_formSubmission[getData0]" time="7.760" /><testcase classname="test_webtesting.TestHomePage" name="test_formSubmission[getData1]" time="3.228" /></testsuite></testsuites>